2024-03-23 09:19:58,570:INFO:Starting ETL process
2024-03-23 09:19:58,571:INFO:Starting data extraction
2024-03-23 09:21:40,375:INFO:Starting ETL process
2024-03-23 09:21:40,375:INFO:Starting data extraction
2024-03-23 09:21:40,401:INFO:Data extraction completed
2024-03-23 09:21:40,401:INFO:Starting data transformation
2024-03-23 09:21:40,406:INFO:Data transformation completed
2024-03-23 09:21:40,406:INFO:Starting data loading
2024-03-23 09:21:40,438:INFO:Data loading completed
2024-03-23 09:21:40,438:INFO:ETL process completed
2024-03-23 09:21:40,438:INFO:Starting file moving
2024-03-23 09:21:40,448:INFO:File moving completed
2024-03-23 09:21:40,448:INFO:Starting downsampling
2024-03-23 09:21:40,518:INFO:Train file created
2024-03-23 09:21:40,518:INFO:Test file created
2024-03-23 09:43:38,511:INFO:Starting ETL process
2024-03-23 09:43:38,511:INFO:Starting data extraction
2024-03-23 12:11:59,201:INFO:Starting ETL process
2024-03-23 12:11:59,201:INFO:Starting data extraction
2024-03-23 12:11:59,214:INFO:Data extraction completed
2024-03-23 12:11:59,214:INFO:Starting data transformation
2024-03-23 12:11:59,217:INFO:Data transformation completed
2024-03-23 12:11:59,218:INFO:Starting data loading
2024-03-23 12:11:59,241:INFO:Data loading completed
2024-03-23 12:11:59,241:INFO:ETL process completed
2024-03-23 12:11:59,241:INFO:Starting file moving
2024-03-23 12:11:59,243:INFO:File moving completed
2024-03-23 12:11:59,243:INFO:Starting downsampling
2024-03-23 12:11:59,360:INFO:Train file created
2024-03-23 12:11:59,368:INFO:Test file created
